<?xml version="1.0" encoding="UTF-8"?>
<!-- Generated by org.testng.reporters.JUnitReportReporter -->
<testsuite skipped="0" hostname="DESKTOP-DV1F5AA" name="test.ValidateTest" tests="2" failures="0" timestamp="27 Jun 2022 21:59:38 GMT" time="5.590" errors="0">
  <testcase name="userShouldBeAbleToRemoveSibgleListItem" time="3.042" classname="test.ValidateTest"/>
  <testcase name="userShouldBeAbleToValidateCheckBox" time="2.548" classname="test.ValidateTest"/>
</testsuite> <!-- test.ValidateTest -->
